{"meta": {"format": 2, "version": "7.5.1", "timestamp": "2024-05-07T08:28:44.590042", "branch_coverage": true, "show_contexts": false}, "files": {"accounts/admin.py": {"executed_lines": [1, 2, 3, 5, 7, 10, 11, 12, 13, 14, 15, 20, 29], "summary": {"covered_lines": 13, "num_statements": 13, "percent_covered": 100.0, "percent_covered_display": "100.00", "missing_lines": 0, "excluded_lines": 0, "num_branches": 2, "num_partial_branches": 0, "covered_branches": 2, "missing_branches": 0}, "missing_lines": [], "excluded_lines": [], "executed_branches": [[10, 11], [10, 12]], "missing_branches": []}, "accounts/apps.py": {"executed_lines": [1, 4, 5, 6], "summary": {"covered_lines": 4, "num_statements": 4, "percent_covered": 100.0, "percent_covered_display": "100.00", "missing_lines": 0, "excluded_lines": 0, "num_branches": 0, "num_partial_branches": 0, "covered_branches": 0, "missing_branches": 0}, "missing_lines": [], "excluded_lines": [], "executed_branches": [], "missing_branches": []}, "accounts/forms.py": {"executed_lines": [1, 2, 3, 5, 8, 9, 10, 11, 14, 15, 19, 20, 21, 26, 27, 29, 30, 31, 32, 34], "summary": {"covered_lines": 20, "num_statements": 20, "percent_covered": 100.0, "percent_covered_display": "100.00", "missing_lines": 0, "excluded_lines": 0, "num_branches": 0, "num_partial_branches": 0, "covered_branches": 0, "missing_branches": 0}, "missing_lines": [], "excluded_lines": [], "executed_branches": [], "missing_branches": []}, "accounts/models.py": {"executed_lines": [1, 2, 3, 4, 7, 8, 13, 14, 15, 16, 17, 19, 20, 22, 29], "summary": {"covered_lines": 14, "num_statements": 14, "percent_covered": 100.0, "percent_covered_display": "100.00", "missing_lines": 0, "excluded_lines": 0, "num_branches": 0, "num_partial_branches": 0, "covered_branches": 0, "missing_branches": 0}, "missing_lines": [], "excluded_lines": [], "executed_branches": [], "missing_branches": []}, "accounts/tests/test_core.py": {"executed_lines": [1], "summary": {"covered_lines": 0, "num_statements": 0, "percent_covered": 100.0, "percent_covered_display": "100.00", "missing_lines": 0, "excluded_lines": 0, "num_branches": 0, "num_partial_branches": 0, "covered_branches": 0, "missing_branches": 0}, "missing_lines": [], "excluded_lines": [], "executed_branches": [], "missing_branches": []}, "accounts/tests/test_forms.py": {"executed_lines": [1, 3, 4, 6, 9, 10, 11, 13, 23, 24, 27, 31, 41, 42, 43], "summary": {"covered_lines": 15, "num_statements": 15, "percent_covered": 100.0, "percent_covered_display": "100.00", "missing_lines": 0, "excluded_lines": 0, "num_branches": 0, "num_partial_branches": 0, "covered_branches": 0, "missing_branches": 0}, "missing_lines": [], "excluded_lines": [], "executed_branches": [], "missing_branches": []}, "accounts/tests/test_models.py": {"executed_lines": [1, 2, 5, 6, 7, 8, 14, 20, 21, 22, 24, 25, 27, 28, 29, 30, 31, 32, 34, 35, 36, 37, 40, 41, 42, 43, 44, 45, 47, 48, 49, 50, 51, 52, 54, 55, 56, 57, 60, 61], "summary": {"covered_lines": 40, "num_statements": 44, "percent_covered": 92.3076923076923, "percent_covered_display": "92.31", "missing_lines": 4, "excluded_lines": 0, "num_branches": 8, "num_partial_branches": 0, "covered_branches": 8, "missing_branches": 0}, "missing_lines": [38, 39, 58, 59], "excluded_lines": [], "executed_branches": [[40, 41], [40, 42], [42, 43], [42, 44], [44, -34], [44, 45], [60, -54], [60, 61]], "missing_branches": []}, "accounts/tests/test_urls.py": {"executed_lines": [1], "summary": {"covered_lines": 0, "num_statements": 0, "percent_covered": 100.0, "percent_covered_display": "100.00", "missing_lines": 0, "excluded_lines": 0, "num_branches": 0, "num_partial_branches": 0, "covered_branches": 0, "missing_branches": 0}, "missing_lines": [], "excluded_lines": [], "executed_branches": [], "missing_branches": []}, "accounts/tests/test_views.py": {"executed_lines": [1, 3, 4, 5, 6, 7, 8, 9, 11, 12, 13, 15, 18, 19, 20, 22, 23, 24, 26, 27, 28, 29, 30, 32, 33, 36, 37, 38, 41, 42, 50, 53, 54, 55, 56, 58, 60, 62, 63, 64, 65, 67, 69, 71, 72, 73, 74, 77, 78, 79, 81, 84, 85, 86, 88, 89, 91, 92, 95, 96, 97, 98, 99, 101, 103], "summary": {"covered_lines": 63, "num_statements": 64, "percent_covered": 98.4375, "percent_covered_display": "98.44", "missing_lines": 1, "excluded_lines": 0, "num_branches": 0, "num_partial_branches": 0, "covered_branches": 0, "missing_branches": 0}, "missing_lines": [51], "excluded_lines": [], "executed_branches": [], "missing_branches": []}, "accounts/urls.py": {"executed_lines": [1, 3, 5], "summary": {"covered_lines": 3, "num_statements": 3, "percent_covered": 100.0, "percent_covered_display": "100.00", "missing_lines": 0, "excluded_lines": 0, "num_branches": 0, "num_partial_branches": 0, "covered_branches": 0, "missing_branches": 0}, "missing_lines": [], "excluded_lines": [], "executed_branches": [], "missing_branches": []}, "accounts/views.py": {"executed_lines": [1, 3, 4, 5, 6, 7, 13, 16, 17, 19, 20, 21, 23, 26, 27, 34, 35, 38, 40, 45, 47, 49, 52, 53, 55, 56], "summary": {"covered_lines": 24, "num_statements": 24, "percent_covered": 100.0, "percent_covered_display": "100.00", "missing_lines": 0, "excluded_lines": 0, "num_branches": 0, "num_partial_branches": 0, "covered_branches": 0, "missing_branches": 0}, "missing_lines": [], "excluded_lines": [], "executed_branches": [], "missing_branches": []}, "books/admin.py": {"executed_lines": [1, 3, 6, 7, 10, 11, 12, 20, 21, 22, 27, 30, 31, 32], "summary": {"covered_lines": 14, "num_statements": 14, "percent_covered": 100.0, "percent_covered_display": "100.00", "missing_lines": 0, "excluded_lines": 0, "num_branches": 2, "num_partial_branches": 0, "covered_branches": 2, "missing_branches": 0}, "missing_lines": [], "excluded_lines": [], "executed_branches": [[10, 11], [10, 12]], "missing_branches": []}, "books/apps.py": {"executed_lines": [1, 4, 5, 6], "summary": {"covered_lines": 4, "num_statements": 4, "percent_covered": 100.0, "percent_covered_display": "100.00", "missing_lines": 0, "excluded_lines": 0, "num_branches": 0, "num_partial_branches": 0, "covered_branches": 0, "missing_branches": 0}, "missing_lines": [], "excluded_lines": [], "executed_branches": [], "missing_branches": []}, "books/models.py": {"executed_lines": [1, 3, 4, 5, 8, 9, 10, 11, 12, 13, 14, 15, 20, 21, 23, 25, 26, 29, 30, 34, 35, 37, 38, 41, 42, 47, 48, 49, 54, 55, 57, 58], "summary": {"covered_lines": 32, "num_statements": 32, "percent_covered": 100.0, "percent_covered_display": "100.00", "missing_lines": 0, "excluded_lines": 0, "num_branches": 0, "num_partial_branches": 0, "covered_branches": 0, "missing_branches": 0}, "missing_lines": [], "excluded_lines": [], "executed_branches": [], "missing_branches": []}, "books/sitemaps.py": {"executed_lines": [1, 3, 6, 7, 8, 10, 11, 13, 14], "summary": {"covered_lines": 9, "num_statements": 9, "percent_covered": 100.0, "percent_covered_display": "100.00", "missing_lines": 0, "excluded_lines": 0, "num_branches": 0, "num_partial_branches": 0, "covered_branches": 0, "missing_branches": 0}, "missing_lines": [], "excluded_lines": [], "executed_branches": [], "missing_branches": []}, "books/tests/test_models.py": {"executed_lines": [1, 3, 6, 7, 8, 11, 12, 13, 16, 17, 18, 21, 22, 23], "summary": {"covered_lines": 14, "num_statements": 14, "percent_covered": 100.0, "percent_covered_display": "100.00", "missing_lines": 0, "excluded_lines": 0, "num_branches": 0, "num_partial_branches": 0, "covered_branches": 0, "missing_branches": 0}, "missing_lines": [], "excluded_lines": [], "executed_branches": [], "missing_branches": []}, "books/tests/test_urls.py": {"executed_lines": [1, 2, 4, 6, 9, 10, 11, 14, 16, 19, 21, 24, 26, 29, 31, 34, 36, 37, 40, 42, 43], "summary": {"covered_lines": 21, "num_statements": 21, "percent_covered": 100.0, "percent_covered_display": "100.00", "missing_lines": 0, "excluded_lines": 0, "num_branches": 0, "num_partial_branches": 0, "covered_branches": 0, "missing_branches": 0}, "missing_lines": [], "excluded_lines": [], "executed_branches": [], "missing_branches": []}, "books/tests/test_views.py": {"executed_lines": [1, 2, 3, 7, 8, 17, 20, 22, 24, 26, 29, 31, 32, 34, 35, 37, 40, 41, 48, 50, 52, 53, 55, 56, 57, 60, 76, 78, 79, 81, 82, 84, 85, 86, 89, 91, 96, 97, 98, 100, 102, 103, 104, 105, 108, 110, 111, 112, 113, 116, 117, 119, 121, 123, 124, 126, 129, 134, 139, 140, 141, 142, 143, 146, 147, 148, 151, 152, 153, 154, 155, 156, 157, 158, 162], "summary": {"covered_lines": 75, "num_statements": 75, "percent_covered": 100.0, "percent_covered_display": "100.00", "missing_lines": 0, "excluded_lines": 0, "num_branches": 2, "num_partial_branches": 0, "covered_branches": 2, "missing_branches": 0}, "missing_lines": [], "excluded_lines": [], "executed_branches": [[155, -155], [155, 155], [155, 156]], "missing_branches": []}, "books/urls.py": {"executed_lines": [1, 3, 15], "summary": {"covered_lines": 3, "num_statements": 3, "percent_covered": 100.0, "percent_covered_display": "100.00", "missing_lines": 0, "excluded_lines": 0, "num_branches": 0, "num_partial_branches": 0, "covered_branches": 0, "missing_branches": 0}, "missing_lines": [], "excluded_lines": [], "executed_branches": [], "missing_branches": []}, "books/views.py": {"executed_lines": [1, 2, 3, 4, 12, 15, 16, 17, 27, 28, 29, 32, 33, 34, 35, 38, 39, 40, 41, 43, 46, 47, 48, 57, 60, 61, 62, 64, 70, 77, 81, 85, 86, 87, 90, 91, 92, 93, 95, 99, 100, 102, 106, 107, 108, 109, 111], "summary": {"covered_lines": 47, "num_statements": 63, "percent_covered": 74.60317460317461, "percent_covered_display": "74.60", "missing_lines": 16, "excluded_lines": 0, "num_branches": 0, "num_partial_branches": 0, "covered_branches": 0, "missing_branches": 0}, "missing_lines": [65, 66, 67, 68, 71, 72, 73, 74, 75, 78, 79, 82, 96, 103, 112, 113], "excluded_lines": [], "executed_branches": [], "missing_branches": []}, "config/test.py": {"executed_lines": [1, 3, 13, 18, 28, 44], "summary": {"covered_lines": 5, "num_statements": 5, "percent_covered": 100.0, "percent_covered_display": "100.00", "missing_lines": 0, "excluded_lines": 0, "num_branches": 0, "num_partial_branches": 0, "covered_branches": 0, "missing_branches": 0}, "missing_lines": [], "excluded_lines": [], "executed_branches": [], "missing_branches": []}, "config/urls.py": {"executed_lines": [1, 2, 3, 4, 5, 7, 9, 13, 31], "summary": {"covered_lines": 8, "num_statements": 8, "percent_covered": 100.0, "percent_covered_display": "100.00", "missing_lines": 0, "excluded_lines": 1, "num_branches": 0, "num_partial_branches": 0, "covered_branches": 0, "missing_branches": 0}, "missing_lines": [], "excluded_lines": [31], "executed_branches": [], "missing_branches": []}, "pages/admin.py": {"executed_lines": [1], "summary": {"covered_lines": 1, "num_statements": 1, "percent_covered": 100.0, "percent_covered_display": "100.00", "missing_lines": 0, "excluded_lines": 0, "num_branches": 0, "num_partial_branches": 0, "covered_branches": 0, "missing_branches": 0}, "missing_lines": [], "excluded_lines": [], "executed_branches": [], "missing_branches": []}, "pages/apps.py": {"executed_lines": [1, 4, 5, 6], "summary": {"covered_lines": 4, "num_statements": 4, "percent_covered": 100.0, "percent_covered_display": "100.00", "missing_lines": 0, "excluded_lines": 0, "num_branches": 0, "num_partial_branches": 0, "covered_branches": 0, "missing_branches": 0}, "missing_lines": [], "excluded_lines": [], "executed_branches": [], "missing_branches": []}, "pages/forms.py": {"executed_lines": [1, 4, 5, 6, 7], "summary": {"covered_lines": 5, "num_statements": 5, "percent_covered": 100.0, "percent_covered_display": "100.00", "missing_lines": 0, "excluded_lines": 0, "num_branches": 0, "num_partial_branches": 0, "covered_branches": 0, "missing_branches": 0}, "missing_lines": [], "excluded_lines": [], "executed_branches": [], "missing_branches": []}, "pages/models.py": {"executed_lines": [1], "summary": {"covered_lines": 1, "num_statements": 1, "percent_covered": 100.0, "percent_covered_display": "100.00", "missing_lines": 0, "excluded_lines": 0, "num_branches": 0, "num_partial_branches": 0, "covered_branches": 0, "missing_branches": 0}, "missing_lines": [], "excluded_lines": [], "executed_branches": [], "missing_branches": []}, "pages/tests/test_forms.py": {"executed_lines": [1, 2, 5, 6, 7, 15, 17, 18, 26, 28, 29, 30, 31, 39, 42], "summary": {"covered_lines": 15, "num_statements": 17, "percent_covered": 88.23529411764706, "percent_covered_display": "88.24", "missing_lines": 2, "excluded_lines": 0, "num_branches": 0, "num_partial_branches": 0, "covered_branches": 0, "missing_branches": 0}, "missing_lines": [40, 41], "excluded_lines": [], "executed_branches": [], "missing_branches": []}, "pages/tests/test_views.py": {"executed_lines": [1, 2, 4, 12, 13, 14, 15, 17, 31, 32, 33, 39, 40, 41, 42, 44, 58, 59, 60, 66, 67, 68, 69, 71, 85, 86, 87, 93, 94, 95, 96, 98, 115, 116, 117], "summary": {"covered_lines": 35, "num_statements": 35, "percent_covered": 100.0, "percent_covered_display": "100.00", "missing_lines": 0, "excluded_lines": 0, "num_branches": 0, "num_partial_branches": 0, "covered_branches": 0, "missing_branches": 0}, "missing_lines": [], "excluded_lines": [], "executed_branches": [], "missing_branches": []}, "pages/urls.py": {"executed_lines": [1, 3, 10], "summary": {"covered_lines": 3, "num_statements": 3, "percent_covered": 100.0, "percent_covered_display": "100.00", "missing_lines": 0, "excluded_lines": 0, "num_branches": 0, "num_partial_branches": 0, "covered_branches": 0, "missing_branches": 0}, "missing_lines": [], "excluded_lines": [], "executed_branches": [], "missing_branches": []}, "pages/views.py": {"executed_lines": [1, 2, 3, 4, 6, 9, 10, 13, 14, 17, 18, 19, 21, 22, 23, 24, 25, 26, 27, 28, 29, 30, 31, 34, 35], "summary": {"covered_lines": 25, "num_statements": 25, "percent_covered": 100.0, "percent_covered_display": "100.00", "missing_lines": 0, "excluded_lines": 0, "num_branches": 4, "num_partial_branches": 0, "covered_branches": 4, "missing_branches": 0}, "missing_lines": [], "excluded_lines": [], "executed_branches": [[18, 19], [18, 21], [22, 23], [22, 31]], "missing_branches": []}}, "totals": {"covered_lines": 517, "num_statements": 540, "percent_covered": 95.87813620071685, "percent_covered_display": "95.88", "missing_lines": 23, "excluded_lines": 1, "num_branches": 18, "num_partial_branches": 0, "covered_branches": 18, "missing_branches": 0}}